<?xml version="1.0" encoding="UTF-8"?>
<testng-results skipped="4" failed="2" ignored="0" total="9" passed="3">
  <reporter-output>
  </reporter-output>
  <suite name="Default suite" duration-ms="388330" started-at="2021-07-09T06:42:58Z" finished-at="2021-07-09T06:49:26Z">
    <groups>
    </groups>
    <test name="Default test" duration-ms="388330" started-at="2021-07-09T06:42:58Z" finished-at="2021-07-09T06:49:26Z">
      <class name="com.automation.testcases.UserRegistrationTestcaseForRegressionE2E">
        <test-method status="PASS" signature="setUpSuite()[pri:0, instance:com.automation.testcases.UserRegistrationTestcaseForRegressionE2E@343f4d3d]" name="setUpSuite" is-config="true" duration-ms="544" started-at="2021-07-09T12:12:57Z" finished-at="2021-07-09T12:12:58Z">
          <reporter-output>
          </reporter-output>
        </test-method> <!-- setUpSuite -->
        <test-method status="PASS" signature="setUp()[pri:0, instance:com.automation.testcases.UserRegistrationTestcaseForRegressionE2E@343f4d3d]" name="setUp" is-config="true" duration-ms="19241" started-at="2021-07-09T12:12:59Z" finished-at="2021-07-09T12:13:18Z">
          <reporter-output>
          </reporter-output>
        </test-method> <!-- setUp -->
        <test-method status="FAIL" signature="verifyNewUsrerRegistration(java.lang.String, java.lang.String, java.lang.String, java.lang.String, java.lang.String, java.lang.String, java.lang.String, java.lang.String, java.lang.String, java.lang.String, java.lang.String, java.lang.String, java.lang.String, java.lang.String, java.lang.String, java.lang.String, java.lang.String, java.lang.String, java.lang.String, java.lang.String, java.lang.String, java.lang.String, java.lang.String, java.lang.String, java.lang.String)[pri:1, instance:com.automation.testcases.UserRegistrationTestcaseForRegressionE2E@343f4d3d]" name="verifyNewUsrerRegistration" duration-ms="13730" started-at="2021-07-09T12:13:18Z" data-provider="readNewUserdata" finished-at="2021-07-09T12:13:32Z">
          <params>
            <param index="0">
              <value>
                <![CDATA[MNOABCD]]>
              </value>
            </param>
            <param index="1">
              <value>
                <![CDATA[ppmno1234@gmail.com]]>
              </value>
            </param>
            <param index="2">
              <value>
                <![CDATA[Summer@12345]]>
              </value>
            </param>
            <param index="3">
              <value>
                <![CDATA[9731534547]]>
              </value>
            </param>
            <param index="4">
              <value>
                <![CDATA[3]]>
              </value>
            </param>
            <param index="5">
              <value>
                <![CDATA[1]]>
              </value>
            </param>
            <param index="6">
              <value>
                <![CDATA[Analyst]]>
              </value>
            </param>
            <param index="7">
              <value>
                <![CDATA[Cognizant Technology Solutions]]>
              </value>
            </param>
            <param index="8">
              <value>
                <![CDATA[2]]>
              </value>
            </param>
            <param index="9">
              <value>
                <![CDATA[10]]>
              </value>
            </param>
            <param index="10">
              <value>
                <![CDATA[2018]]>
              </value>
            </param>
            <param index="11">
              <value>
                <![CDATA[Jan]]>
              </value>
            </param>
            <param index="12">
              <value>
                <![CDATA[Present]]>
              </value>
            </param>
            <param index="13">
              <value>
                <![CDATA[Bangalore Rural, Karnataka]]>
              </value>
            </param>
            <param index="14">
              <value>
                <![CDATA[2 Months]]>
              </value>
            </param>
            <param index="15">
              <value>
                <![CDATA[Java]]>
              </value>
            </param>
            <param index="16">
              <value>
                <![CDATA[IT Services & Consulting]]>
              </value>
            </param>
            <param index="17">
              <value>
                <![CDATA[IT Software - QA & Testing]]>
              </value>
            </param>
            <param index="18">
              <value>
                <![CDATA[QA/QC Exec.]]>
              </value>
            </param>
            <param index="19">
              <value>
                <![CDATA[Graduation/Diploma]]>
              </value>
            </param>
            <param index="20">
              <value>
                <![CDATA[B.Tech/B.E.]]>
              </value>
            </param>
            <param index="21">
              <value>
                <![CDATA[Computers]]>
              </value>
            </param>
            <param index="22">
              <value>
                <![CDATA[MNO Collage]]>
              </value>
            </param>
            <param index="23">
              <value>
                <![CDATA[2017]]>
              </value>
            </param>
            <param index="24">
              <value>
                <![CDATA[./TestData/PRASHANTH_SELENIUM.pdf]]>
              </value>
            </param>
          </params>
          <exception class="java.lang.NullPointerException">
            <full-stacktrace>
              <![CDATA[java.lang.NullPointerException
	at org.openqa.selenium.support.pagefactory.DefaultElementLocator.findElement(DefaultElementLocator.java:69)
	at org.openqa.selenium.support.pagefactory.internal.LocatingElementHandler.invoke(LocatingElementHandler.java:38)
	at com.sun.proxy.$Proxy11.click(Unknown Source)
	at com.automation.pages.HomePage.clickOnHomepageButton(HomePage.java:199)
	at com.automation.exceptionHandeling.HandleException.afterGettingException(HandleException.java:17)
	at com.automation.testcases.UserRegistrationTestcaseForRegressionE2E.verifyNewUsrerRegistration(UserRegistrationTestcaseForRegressionE2E.java:96)
	at sun.reflect.NativeMethodAccessorImpl.invoke0(Native Method)
	at sun.reflect.NativeMethodAccessorImpl.invoke(NativeMethodAccessorImpl.java:62)
	at sun.reflect.DelegatingMethodAccessorImpl.invoke(DelegatingMethodAccessorImpl.java:43)
	at java.lang.reflect.Method.invoke(Method.java:498)
	at org.testng.internal.MethodInvocationHelper.invokeMethod(MethodInvocationHelper.java:108)
	at org.testng.internal.Invoker.invokeMethod(Invoker.java:661)
	at org.testng.internal.Invoker.invokeTestMethod(Invoker.java:869)
	at org.testng.internal.Invoker.invokeTestMethods(Invoker.java:1193)
	at org.testng.internal.TestMethodWorker.invokeTestMethods(TestMethodWorker.java:126)
	at org.testng.internal.TestMethodWorker.run(TestMethodWorker.java:109)
	at org.testng.TestRunner.privateRun(TestRunner.java:744)
	at org.testng.TestRunner.run(TestRunner.java:602)
	at org.testng.SuiteRunner.runTest(SuiteRunner.java:380)
	at org.testng.SuiteRunner.runSequentially(SuiteRunner.java:375)
	at org.testng.SuiteRunner.privateRun(SuiteRunner.java:340)
	at org.testng.SuiteRunner.run(SuiteRunner.java:289)
	at org.testng.SuiteRunnerWorker.runSuite(SuiteRunnerWorker.java:52)
	at org.testng.SuiteRunnerWorker.run(SuiteRunnerWorker.java:86)
	at org.testng.TestNG.runSuitesSequentially(TestNG.java:1301)
	at org.testng.TestNG.runSuitesLocally(TestNG.java:1226)
	at org.testng.TestNG.runSuites(TestNG.java:1144)
	at org.testng.TestNG.run(TestNG.java:1115)
	at org.testng.remote.AbstractRemoteTestNG.run(AbstractRemoteTestNG.java:132)
	at org.testng.remote.RemoteTestNG.initAndRun(RemoteTestNG.java:230)
	at org.testng.remote.RemoteTestNG.main(RemoteTestNG.java:76)
]]>
            </full-stacktrace>
          </exception> <!-- java.lang.NullPointerException -->
          <reporter-output>
          </reporter-output>
        </test-method> <!-- verifyNewUsrerRegistration -->
        <test-method status="PASS" signature="tearDownMethod(org.testng.ITestResult)[pri:0, instance:com.automation.testcases.UserRegistrationTestcaseForRegressionE2E@343f4d3d]" name="tearDownMethod" is-config="true" duration-ms="1730" started-at="2021-07-09T12:13:32Z" finished-at="2021-07-09T12:13:33Z">
          <params>
            <param index="0">
              <value>
                <![CDATA[[TestResult name=verifyNewUsrerRegistration status=FAILURE method=UserRegistrationTestcaseForRegressionE2E.verifyNewUsrerRegistration(java.lang.String, java.lang.String, java.lang.String, java.lang.String, java.lang.String, java.lang.String, java.lang.String, java.lang.String, java.lang.String, java.lang.String, java.lang.String, java.lang.String, java.lang.String, java.lang.String, java.lang.String, java.lang.String, java.lang.String, java.lang.String, java.lang.String, java.lang.String, java.lang.String, java.lang.String, java.lang.String, java.lang.String, java.lang.String)[pri:1, instance:com.automation.testcases.UserRegistrationTestcaseForRegressionE2E@343f4d3d] output={null}]]]>
              </value>
            </param>
          </params>
          <reporter-output>
          </reporter-output>
        </test-method> <!-- tearDownMethod -->
        <test-method status="PASS" signature="setUp()[pri:0, instance:com.automation.testcases.UserRegistrationTestcaseForRegressionE2E@343f4d3d]" name="setUp" is-config="true" duration-ms="15063" started-at="2021-07-09T12:13:33Z" finished-at="2021-07-09T12:13:48Z">
          <reporter-output>
          </reporter-output>
        </test-method> <!-- setUp -->
        <test-method status="PASS" signature="verifyNewUsrerRegistration(java.lang.String, java.lang.String, java.lang.String, java.lang.String, java.lang.String, java.lang.String, java.lang.String, java.lang.String, java.lang.String, java.lang.String, java.lang.String, java.lang.String, java.lang.String, java.lang.String, java.lang.String, java.lang.String, java.lang.String, java.lang.String, java.lang.String, java.lang.String, java.lang.String, java.lang.String, java.lang.String, java.lang.String, java.lang.String)[pri:1, instance:com.automation.testcases.UserRegistrationTestcaseForRegressionE2E@343f4d3d]" name="verifyNewUsrerRegistration" duration-ms="68857" started-at="2021-07-09T12:13:48Z" data-provider="readNewUserdata" finished-at="2021-07-09T12:14:57Z">
          <params>
            <param index="0">
              <value>
                <![CDATA[MNOABCD]]>
              </value>
            </param>
            <param index="1">
              <value>
                <![CDATA[ppmno12345@gmail.com]]>
              </value>
            </param>
            <param index="2">
              <value>
                <![CDATA[Summer@12345]]>
              </value>
            </param>
            <param index="3">
              <value>
                <![CDATA[9731534547]]>
              </value>
            </param>
            <param index="4">
              <value>
                <![CDATA[4]]>
              </value>
            </param>
            <param index="5">
              <value>
                <![CDATA[2]]>
              </value>
            </param>
            <param index="6">
              <value>
                <![CDATA[Analyst]]>
              </value>
            </param>
            <param index="7">
              <value>
                <![CDATA[Cognizant Technology Solutions]]>
              </value>
            </param>
            <param index="8">
              <value>
                <![CDATA[3]]>
              </value>
            </param>
            <param index="9">
              <value>
                <![CDATA[10]]>
              </value>
            </param>
            <param index="10">
              <value>
                <![CDATA[2018]]>
              </value>
            </param>
            <param index="11">
              <value>
                <![CDATA[Jan]]>
              </value>
            </param>
            <param index="12">
              <value>
                <![CDATA[Present]]>
              </value>
            </param>
            <param index="13">
              <value>
                <![CDATA[Bangalore Rural, Karnataka]]>
              </value>
            </param>
            <param index="14">
              <value>
                <![CDATA[2 Months]]>
              </value>
            </param>
            <param index="15">
              <value>
                <![CDATA[Java]]>
              </value>
            </param>
            <param index="16">
              <value>
                <![CDATA[IT Services & Consulting]]>
              </value>
            </param>
            <param index="17">
              <value>
                <![CDATA[IT Software - QA & Testing]]>
              </value>
            </param>
            <param index="18">
              <value>
                <![CDATA[QA/QC Exec.]]>
              </value>
            </param>
            <param index="19">
              <value>
                <![CDATA[Graduation/Diploma]]>
              </value>
            </param>
            <param index="20">
              <value>
                <![CDATA[B.Tech/B.E.]]>
              </value>
            </param>
            <param index="21">
              <value>
                <![CDATA[Computers]]>
              </value>
            </param>
            <param index="22">
              <value>
                <![CDATA[MNO Collage]]>
              </value>
            </param>
            <param index="23">
              <value>
                <![CDATA[2017]]>
              </value>
            </param>
            <param index="24">
              <value>
                <![CDATA[./TestData/PRASHANTH_SELENIUM.pdf]]>
              </value>
            </param>
          </params>
          <reporter-output>
          </reporter-output>
        </test-method> <!-- verifyNewUsrerRegistration -->
        <test-method status="PASS" signature="tearDownMethod(org.testng.ITestResult)[pri:0, instance:com.automation.testcases.UserRegistrationTestcaseForRegressionE2E@343f4d3d]" name="tearDownMethod" is-config="true" duration-ms="1792" started-at="2021-07-09T12:14:57Z" finished-at="2021-07-09T12:14:59Z">
          <params>
            <param index="0">
              <value>
                <![CDATA[[TestResult name=verifyNewUsrerRegistration status=SUCCESS method=UserRegistrationTestcaseForRegressionE2E.verifyNewUsrerRegistration(java.lang.String, java.lang.String, java.lang.String, java.lang.String, java.lang.String, java.lang.String, java.lang.String, java.lang.String, java.lang.String, java.lang.String, java.lang.String, java.lang.String, java.lang.String, java.lang.String, java.lang.String, java.lang.String, java.lang.String, java.lang.String, java.lang.String, java.lang.String, java.lang.String, java.lang.String, java.lang.String, java.lang.String, java.lang.String)[pri:1, instance:com.automation.testcases.UserRegistrationTestcaseForRegressionE2E@343f4d3d] output={null}]]]>
              </value>
            </param>
          </params>
          <reporter-output>
          </reporter-output>
        </test-method> <!-- tearDownMethod -->
        <test-method status="PASS" signature="setUp()[pri:0, instance:com.automation.testcases.UserRegistrationTestcaseForRegressionE2E@343f4d3d]" name="setUp" is-config="true" duration-ms="14289" started-at="2021-07-09T12:14:59Z" finished-at="2021-07-09T12:15:13Z">
          <reporter-output>
          </reporter-output>
        </test-method> <!-- setUp -->
        <test-method status="PASS" signature="verifyNewUsrerRegistration(java.lang.String, java.lang.String, java.lang.String, java.lang.String, java.lang.String, java.lang.String, java.lang.String, java.lang.String, java.lang.String, java.lang.String, java.lang.String, java.lang.String, java.lang.String, java.lang.String, java.lang.String, java.lang.String, java.lang.String, java.lang.String, java.lang.String, java.lang.String, java.lang.String, java.lang.String, java.lang.String, java.lang.String, java.lang.String)[pri:1, instance:com.automation.testcases.UserRegistrationTestcaseForRegressionE2E@343f4d3d]" name="verifyNewUsrerRegistration" duration-ms="55735" started-at="2021-07-09T12:15:13Z" data-provider="readNewUserdata" finished-at="2021-07-09T12:16:09Z">
          <params>
            <param index="0">
              <value>
                <![CDATA[MNOABCD]]>
              </value>
            </param>
            <param index="1">
              <value>
                <![CDATA[ppmno12346@gmail.com]]>
              </value>
            </param>
            <param index="2">
              <value>
                <![CDATA[Summer@12345]]>
              </value>
            </param>
            <param index="3">
              <value>
                <![CDATA[9731534547]]>
              </value>
            </param>
            <param index="4">
              <value>
                <![CDATA[4]]>
              </value>
            </param>
            <param index="5">
              <value>
                <![CDATA[3]]>
              </value>
            </param>
            <param index="6">
              <value>
                <![CDATA[Analyst]]>
              </value>
            </param>
            <param index="7">
              <value>
                <![CDATA[Cognizant Technology Solutions]]>
              </value>
            </param>
            <param index="8">
              <value>
                <![CDATA[4]]>
              </value>
            </param>
            <param index="9">
              <value>
                <![CDATA[10]]>
              </value>
            </param>
            <param index="10">
              <value>
                <![CDATA[2018]]>
              </value>
            </param>
            <param index="11">
              <value>
                <![CDATA[Jan]]>
              </value>
            </param>
            <param index="12">
              <value>
                <![CDATA[Present]]>
              </value>
            </param>
            <param index="13">
              <value>
                <![CDATA[Bangalore Rural, Karnataka]]>
              </value>
            </param>
            <param index="14">
              <value>
                <![CDATA[2 Months]]>
              </value>
            </param>
            <param index="15">
              <value>
                <![CDATA[Java]]>
              </value>
            </param>
            <param index="16">
              <value>
                <![CDATA[IT Services & Consulting]]>
              </value>
            </param>
            <param index="17">
              <value>
                <![CDATA[IT Software - QA & Testing]]>
              </value>
            </param>
            <param index="18">
              <value>
                <![CDATA[QA/QC Exec.]]>
              </value>
            </param>
            <param index="19">
              <value>
                <![CDATA[Graduation/Diploma]]>
              </value>
            </param>
            <param index="20">
              <value>
                <![CDATA[B.Tech/B.E.]]>
              </value>
            </param>
            <param index="21">
              <value>
                <![CDATA[Computers]]>
              </value>
            </param>
            <param index="22">
              <value>
                <![CDATA[MNO Collage]]>
              </value>
            </param>
            <param index="23">
              <value>
                <![CDATA[2017]]>
              </value>
            </param>
            <param index="24">
              <value>
                <![CDATA[./TestData/PRASHANTH_SELENIUM.pdf]]>
              </value>
            </param>
          </params>
          <reporter-output>
          </reporter-output>
        </test-method> <!-- verifyNewUsrerRegistration -->
        <test-method status="PASS" signature="tearDownMethod(org.testng.ITestResult)[pri:0, instance:com.automation.testcases.UserRegistrationTestcaseForRegressionE2E@343f4d3d]" name="tearDownMethod" is-config="true" duration-ms="1751" started-at="2021-07-09T12:16:09Z" finished-at="2021-07-09T12:16:11Z">
          <params>
            <param index="0">
              <value>
                <![CDATA[[TestResult name=verifyNewUsrerRegistration status=SUCCESS method=UserRegistrationTestcaseForRegressionE2E.verifyNewUsrerRegistration(java.lang.String, java.lang.String, java.lang.String, java.lang.String, java.lang.String, java.lang.String, java.lang.String, java.lang.String, java.lang.String, java.lang.String, java.lang.String, java.lang.String, java.lang.String, java.lang.String, java.lang.String, java.lang.String, java.lang.String, java.lang.String, java.lang.String, java.lang.String, java.lang.String, java.lang.String, java.lang.String, java.lang.String, java.lang.String)[pri:1, instance:com.automation.testcases.UserRegistrationTestcaseForRegressionE2E@343f4d3d] output={null}]]]>
              </value>
            </param>
          </params>
          <reporter-output>
          </reporter-output>
        </test-method> <!-- tearDownMethod -->
        <test-method status="PASS" signature="setUp()[pri:0, instance:com.automation.testcases.UserRegistrationTestcaseForRegressionE2E@343f4d3d]" name="setUp" is-config="true" duration-ms="11419" started-at="2021-07-09T12:16:11Z" finished-at="2021-07-09T12:16:22Z">
          <reporter-output>
          </reporter-output>
        </test-method> <!-- setUp -->
        <test-method status="FAIL" signature="verifyNewUsrerRegistration(java.lang.String, java.lang.String, java.lang.String, java.lang.String, java.lang.String, java.lang.String, java.lang.String, java.lang.String, java.lang.String, java.lang.String, java.lang.String, java.lang.String, java.lang.String, java.lang.String, java.lang.String, java.lang.String, java.lang.String, java.lang.String, java.lang.String, java.lang.String, java.lang.String, java.lang.String, java.lang.String, java.lang.String, java.lang.String)[pri:1, instance:com.automation.testcases.UserRegistrationTestcaseForRegressionE2E@343f4d3d]" name="verifyNewUsrerRegistration" duration-ms="75960" started-at="2021-07-09T12:16:22Z" data-provider="readNewUserdata" finished-at="2021-07-09T12:17:38Z">
          <params>
            <param index="0">
              <value>
                <![CDATA[MNOABCD]]>
              </value>
            </param>
            <param index="1">
              <value>
                <![CDATA[ppmno12347@gmail.com]]>
              </value>
            </param>
            <param index="2">
              <value>
                <![CDATA[Summer@12345]]>
              </value>
            </param>
            <param index="3">
              <value>
                <![CDATA[9731534547]]>
              </value>
            </param>
            <param index="4">
              <value>
                <![CDATA[4]]>
              </value>
            </param>
            <param index="5">
              <value>
                <![CDATA[4]]>
              </value>
            </param>
            <param index="6">
              <value>
                <![CDATA[Analyst]]>
              </value>
            </param>
            <param index="7">
              <value>
                <![CDATA[Cognizant Technology Solutions]]>
              </value>
            </param>
            <param index="8">
              <value>
                <![CDATA[5]]>
              </value>
            </param>
            <param index="9">
              <value>
                <![CDATA[10]]>
              </value>
            </param>
            <param index="10">
              <value>
                <![CDATA[2018]]>
              </value>
            </param>
            <param index="11">
              <value>
                <![CDATA[Jan]]>
              </value>
            </param>
            <param index="12">
              <value>
                <![CDATA[Present]]>
              </value>
            </param>
            <param index="13">
              <value>
                <![CDATA[Bangalore Rural, Karnataka]]>
              </value>
            </param>
            <param index="14">
              <value>
                <![CDATA[2 Months]]>
              </value>
            </param>
            <param index="15">
              <value>
                <![CDATA[Java]]>
              </value>
            </param>
            <param index="16">
              <value>
                <![CDATA[IT Services & Consulting]]>
              </value>
            </param>
            <param index="17">
              <value>
                <![CDATA[IT Software - QA & Testing]]>
              </value>
            </param>
            <param index="18">
              <value>
                <![CDATA[QA/QC Exec.]]>
              </value>
            </param>
            <param index="19">
              <value>
                <![CDATA[Graduation/Diploma]]>
              </value>
            </param>
            <param index="20">
              <value>
                <![CDATA[B.Tech/B.E.]]>
              </value>
            </param>
            <param index="21">
              <value>
                <![CDATA[Computers]]>
              </value>
            </param>
            <param index="22">
              <value>
                <![CDATA[MNO Collage]]>
              </value>
            </param>
            <param index="23">
              <value>
                <![CDATA[2017]]>
              </value>
            </param>
            <param index="24">
              <value>
                <![CDATA[./TestData/PRASHANTH_SELENIUM.pdf]]>
              </value>
            </param>
          </params>
          <exception class="java.lang.NullPointerException">
            <full-stacktrace>
              <![CDATA[java.lang.NullPointerException
	at org.openqa.selenium.support.pagefactory.DefaultElementLocator.findElement(DefaultElementLocator.java:69)
	at org.openqa.selenium.support.pagefactory.internal.LocatingElementHandler.invoke(LocatingElementHandler.java:38)
	at com.sun.proxy.$Proxy11.click(Unknown Source)
	at com.automation.pages.HomePage.clickOnHomepageButton(HomePage.java:199)
	at com.automation.exceptionHandeling.HandleException.afterGettingException(HandleException.java:17)
	at com.automation.testcases.UserRegistrationTestcaseForRegressionE2E.verifyNewUsrerRegistration(UserRegistrationTestcaseForRegressionE2E.java:96)
	at sun.reflect.NativeMethodAccessorImpl.invoke0(Native Method)
	at sun.reflect.NativeMethodAccessorImpl.invoke(NativeMethodAccessorImpl.java:62)
	at sun.reflect.DelegatingMethodAccessorImpl.invoke(DelegatingMethodAccessorImpl.java:43)
	at java.lang.reflect.Method.invoke(Method.java:498)
	at org.testng.internal.MethodInvocationHelper.invokeMethod(MethodInvocationHelper.java:108)
	at org.testng.internal.Invoker.invokeMethod(Invoker.java:661)
	at org.testng.internal.Invoker.invokeTestMethod(Invoker.java:869)
	at org.testng.internal.Invoker.invokeTestMethods(Invoker.java:1193)
	at org.testng.internal.TestMethodWorker.invokeTestMethods(TestMethodWorker.java:126)
	at org.testng.internal.TestMethodWorker.run(TestMethodWorker.java:109)
	at org.testng.TestRunner.privateRun(TestRunner.java:744)
	at org.testng.TestRunner.run(TestRunner.java:602)
	at org.testng.SuiteRunner.runTest(SuiteRunner.java:380)
	at org.testng.SuiteRunner.runSequentially(SuiteRunner.java:375)
	at org.testng.SuiteRunner.privateRun(SuiteRunner.java:340)
	at org.testng.SuiteRunner.run(SuiteRunner.java:289)
	at org.testng.SuiteRunnerWorker.runSuite(SuiteRunnerWorker.java:52)
	at org.testng.SuiteRunnerWorker.run(SuiteRunnerWorker.java:86)
	at org.testng.TestNG.runSuitesSequentially(TestNG.java:1301)
	at org.testng.TestNG.runSuitesLocally(TestNG.java:1226)
	at org.testng.TestNG.runSuites(TestNG.java:1144)
	at org.testng.TestNG.run(TestNG.java:1115)
	at org.testng.remote.AbstractRemoteTestNG.run(AbstractRemoteTestNG.java:132)
	at org.testng.remote.RemoteTestNG.initAndRun(RemoteTestNG.java:230)
	at org.testng.remote.RemoteTestNG.main(RemoteTestNG.java:76)
]]>
            </full-stacktrace>
          </exception> <!-- java.lang.NullPointerException -->
          <reporter-output>
          </reporter-output>
        </test-method> <!-- verifyNewUsrerRegistration -->
        <test-method status="PASS" signature="tearDownMethod(org.testng.ITestResult)[pri:0, instance:com.automation.testcases.UserRegistrationTestcaseForRegressionE2E@343f4d3d]" name="tearDownMethod" is-config="true" duration-ms="1273" started-at="2021-07-09T12:17:38Z" finished-at="2021-07-09T12:17:40Z">
          <params>
            <param index="0">
              <value>
                <![CDATA[[TestResult name=verifyNewUsrerRegistration status=FAILURE method=UserRegistrationTestcaseForRegressionE2E.verifyNewUsrerRegistration(java.lang.String, java.lang.String, java.lang.String, java.lang.String, java.lang.String, java.lang.String, java.lang.String, java.lang.String, java.lang.String, java.lang.String, java.lang.String, java.lang.String, java.lang.String, java.lang.String, java.lang.String, java.lang.String, java.lang.String, java.lang.String, java.lang.String, java.lang.String, java.lang.String, java.lang.String, java.lang.String, java.lang.String, java.lang.String)[pri:1, instance:com.automation.testcases.UserRegistrationTestcaseForRegressionE2E@343f4d3d] output={null}]]]>
              </value>
            </param>
          </params>
          <reporter-output>
          </reporter-output>
        </test-method> <!-- tearDownMethod -->
        <test-method status="PASS" signature="setUp()[pri:0, instance:com.automation.testcases.UserRegistrationTestcaseForRegressionE2E@343f4d3d]" name="setUp" is-config="true" duration-ms="11695" started-at="2021-07-09T12:17:40Z" finished-at="2021-07-09T12:17:51Z">
          <reporter-output>
          </reporter-output>
        </test-method> <!-- setUp -->
        <test-method status="PASS" signature="verifyNewUsrerRegistration(java.lang.String, java.lang.String, java.lang.String, java.lang.String, java.lang.String, java.lang.String, java.lang.String, java.lang.String, java.lang.String, java.lang.String, java.lang.String, java.lang.String, java.lang.String, java.lang.String, java.lang.String, java.lang.String, java.lang.String, java.lang.String, java.lang.String, java.lang.String, java.lang.String, java.lang.String, java.lang.String, java.lang.String, java.lang.String)[pri:1, instance:com.automation.testcases.UserRegistrationTestcaseForRegressionE2E@343f4d3d]" name="verifyNewUsrerRegistration" duration-ms="57893" started-at="2021-07-09T12:17:51Z" data-provider="readNewUserdata" finished-at="2021-07-09T12:18:49Z">
          <params>
            <param index="0">
              <value>
                <![CDATA[MNOABCD]]>
              </value>
            </param>
            <param index="1">
              <value>
                <![CDATA[ppmno12348@gmail.com]]>
              </value>
            </param>
            <param index="2">
              <value>
                <![CDATA[Summer@12345]]>
              </value>
            </param>
            <param index="3">
              <value>
                <![CDATA[9731534547]]>
              </value>
            </param>
            <param index="4">
              <value>
                <![CDATA[4]]>
              </value>
            </param>
            <param index="5">
              <value>
                <![CDATA[5]]>
              </value>
            </param>
            <param index="6">
              <value>
                <![CDATA[Analyst]]>
              </value>
            </param>
            <param index="7">
              <value>
                <![CDATA[Cognizant Technology Solutions]]>
              </value>
            </param>
            <param index="8">
              <value>
                <![CDATA[6]]>
              </value>
            </param>
            <param index="9">
              <value>
                <![CDATA[10]]>
              </value>
            </param>
            <param index="10">
              <value>
                <![CDATA[2018]]>
              </value>
            </param>
            <param index="11">
              <value>
                <![CDATA[Jan]]>
              </value>
            </param>
            <param index="12">
              <value>
                <![CDATA[Present]]>
              </value>
            </param>
            <param index="13">
              <value>
                <![CDATA[Bangalore Rural, Karnataka]]>
              </value>
            </param>
            <param index="14">
              <value>
                <![CDATA[2 Months]]>
              </value>
            </param>
            <param index="15">
              <value>
                <![CDATA[Java]]>
              </value>
            </param>
            <param index="16">
              <value>
                <![CDATA[IT Services & Consulting]]>
              </value>
            </param>
            <param index="17">
              <value>
                <![CDATA[IT Software - QA & Testing]]>
              </value>
            </param>
            <param index="18">
              <value>
                <![CDATA[QA/QC Exec.]]>
              </value>
            </param>
            <param index="19">
              <value>
                <![CDATA[Graduation/Diploma]]>
              </value>
            </param>
            <param index="20">
              <value>
                <![CDATA[B.Tech/B.E.]]>
              </value>
            </param>
            <param index="21">
              <value>
                <![CDATA[Computers]]>
              </value>
            </param>
            <param index="22">
              <value>
                <![CDATA[MNO Collage]]>
              </value>
            </param>
            <param index="23">
              <value>
                <![CDATA[2017]]>
              </value>
            </param>
            <param index="24">
              <value>
                <![CDATA[./TestData/PRASHANTH_SELENIUM.pdf]]>
              </value>
            </param>
          </params>
          <reporter-output>
          </reporter-output>
        </test-method> <!-- verifyNewUsrerRegistration -->
        <test-method status="PASS" signature="tearDownMethod(org.testng.ITestResult)[pri:0, instance:com.automation.testcases.UserRegistrationTestcaseForRegressionE2E@343f4d3d]" name="tearDownMethod" is-config="true" duration-ms="2446" started-at="2021-07-09T12:18:49Z" finished-at="2021-07-09T12:18:52Z">
          <params>
            <param index="0">
              <value>
                <![CDATA[[TestResult name=verifyNewUsrerRegistration status=SUCCESS method=UserRegistrationTestcaseForRegressionE2E.verifyNewUsrerRegistration(java.lang.String, java.lang.String, java.lang.String, java.lang.String, java.lang.String, java.lang.String, java.lang.String, java.lang.String, java.lang.String, java.lang.String, java.lang.String, java.lang.String, java.lang.String, java.lang.String, java.lang.String, java.lang.String, java.lang.String, java.lang.String, java.lang.String, java.lang.String, java.lang.String, java.lang.String, java.lang.String, java.lang.String, java.lang.String)[pri:1, instance:com.automation.testcases.UserRegistrationTestcaseForRegressionE2E@343f4d3d] output={null}]]]>
              </value>
            </param>
          </params>
          <reporter-output>
          </reporter-output>
        </test-method> <!-- tearDownMethod -->
        <test-method status="FAIL" signature="setUp()[pri:0, instance:com.automation.testcases.UserRegistrationTestcaseForRegressionE2E@343f4d3d]" name="setUp" is-config="true" duration-ms="34273" started-at="2021-07-09T12:18:52Z" finished-at="2021-07-09T12:19:26Z">
          <exception class="org.openqa.selenium.TimeoutException">
            <message>
              <![CDATA[timeout: Timed out receiving message from renderer: 29.476
  (Session info: chrome=91.0.4472.124)
Build info: version: '3.6.0', revision: '6fbf3ec767', time: '2017-09-27T15:28:36.4Z'
System info: host: 'LAPTOP-MOTMPJ0P', ip: '192.168.56.1', os.name: 'Windows 10', os.arch: 'amd64', os.version: '10.0', java.version: '1.8.0_201'
Driver info: org.openqa.selenium.chrome.ChromeDriver
Capabilities [{networkConnectionEnabled=false, chrome={chromedriverVersion=91.0.4472.101 (af52a90bf87030dd1523486a1cd3ae25c5d76c9b-refs/branch-heads/4472@{#1462}), userDataDir=C:\Users\prash\AppData\Local\Temp\scoped_dir13648_1035504674}, timeouts={implicit=0, pageLoad=300000, script=30000}, pageLoadStrategy=normal, unhandledPromptBehavior=dismiss and notify, strictFileInteractability=false, platform=WINDOWS, proxy=Proxy(), goog:chromeOptions={debuggerAddress=localhost:65045}, acceptInsecureCerts=false, browserVersion=91.0.4472.124, browserName=chrome, javascriptEnabled=true, platformName=WINDOWS, setWindowRect=true, webauthn:extension:largeBlob=true, webauthn:virtualAuthenticators=true}]
Session ID: 9fe489c63aaaf50a676ea6311e2a4575]]>
            </message>
            <full-stacktrace>
              <![CDATA[org.openqa.selenium.TimeoutException: timeout: Timed out receiving message from renderer: 29.476
  (Session info: chrome=91.0.4472.124)
Build info: version: '3.6.0', revision: '6fbf3ec767', time: '2017-09-27T15:28:36.4Z'
System info: host: 'LAPTOP-MOTMPJ0P', ip: '192.168.56.1', os.name: 'Windows 10', os.arch: 'amd64', os.version: '10.0', java.version: '1.8.0_201'
Driver info: org.openqa.selenium.chrome.ChromeDriver
Capabilities [{networkConnectionEnabled=false, chrome={chromedriverVersion=91.0.4472.101 (af52a90bf87030dd1523486a1cd3ae25c5d76c9b-refs/branch-heads/4472@{#1462}), userDataDir=C:\Users\prash\AppData\Local\Temp\scoped_dir13648_1035504674}, timeouts={implicit=0, pageLoad=300000, script=30000}, pageLoadStrategy=normal, unhandledPromptBehavior=dismiss and notify, strictFileInteractability=false, platform=WINDOWS, proxy=Proxy(), goog:chromeOptions={debuggerAddress=localhost:65045}, acceptInsecureCerts=false, browserVersion=91.0.4472.124, browserName=chrome, javascriptEnabled=true, platformName=WINDOWS, setWindowRect=true, webauthn:extension:largeBlob=true, webauthn:virtualAuthenticators=true}]
Session ID: 9fe489c63aaaf50a676ea6311e2a4575
	at sun.reflect.NativeConstructorAccessorImpl.newInstance0(Native Method)
	at sun.reflect.NativeConstructorAccessorImpl.newInstance(NativeConstructorAccessorImpl.java:62)
	at sun.reflect.DelegatingConstructorAccessorImpl.newInstance(DelegatingConstructorAccessorImpl.java:45)
	at java.lang.reflect.Constructor.newInstance(Constructor.java:423)
	at org.openqa.selenium.remote.http.W3CHttpResponseCodec.createException(W3CHttpResponseCodec.java:185)
	at org.openqa.selenium.remote.http.W3CHttpResponseCodec.decode(W3CHttpResponseCodec.java:120)
	at org.openqa.selenium.remote.http.W3CHttpResponseCodec.decode(W3CHttpResponseCodec.java:49)
	at org.openqa.selenium.remote.HttpCommandExecutor.execute(HttpCommandExecutor.java:164)
	at org.openqa.selenium.remote.service.DriverCommandExecutor.execute(DriverCommandExecutor.java:83)
	at org.openqa.selenium.remote.RemoteWebDriver.execute(RemoteWebDriver.java:586)
	at org.openqa.selenium.remote.RemoteWebDriver.get(RemoteWebDriver.java:310)
	at com.automation.utils.BrowserFactory.startApplication(BrowserFactory.java:36)
	at com.automation.pages.BaseClassForRegression.setUp(BaseClassForRegression.java:50)
	at sun.reflect.NativeMethodAccessorImpl.invoke0(Native Method)
	at sun.reflect.NativeMethodAccessorImpl.invoke(NativeMethodAccessorImpl.java:62)
	at sun.reflect.DelegatingMethodAccessorImpl.invoke(DelegatingMethodAccessorImpl.java:43)
	at java.lang.reflect.Method.invoke(Method.java:498)
	at org.testng.internal.MethodInvocationHelper.invokeMethod(MethodInvocationHelper.java:108)
	at org.testng.internal.Invoker.invokeConfigurationMethod(Invoker.java:523)
	at org.testng.internal.Invoker.invokeConfigurations(Invoker.java:224)
	at org.testng.internal.Invoker.invokeMethod(Invoker.java:599)
	at org.testng.internal.Invoker.invokeTestMethod(Invoker.java:869)
	at org.testng.internal.Invoker.invokeTestMethods(Invoker.java:1193)
	at org.testng.internal.TestMethodWorker.invokeTestMethods(TestMethodWorker.java:126)
	at org.testng.internal.TestMethodWorker.run(TestMethodWorker.java:109)
	at org.testng.TestRunner.privateRun(TestRunner.java:744)
	at org.testng.TestRunner.run(TestRunner.java:602)
	at org.testng.SuiteRunner.runTest(SuiteRunner.java:380)
	at org.testng.SuiteRunner.runSequentially(SuiteRunner.java:375)
	at org.testng.SuiteRunner.privateRun(SuiteRunner.java:340)
	at org.testng.SuiteRunner.run(SuiteRunner.java:289)
	at org.testng.SuiteRunnerWorker.runSuite(SuiteRunnerWorker.java:52)
	at org.testng.SuiteRunnerWorker.run(SuiteRunnerWorker.java:86)
	at org.testng.TestNG.runSuitesSequentially(TestNG.java:1301)
	at org.testng.TestNG.runSuitesLocally(TestNG.java:1226)
	at org.testng.TestNG.runSuites(TestNG.java:1144)
	at org.testng.TestNG.run(TestNG.java:1115)
	at org.testng.remote.AbstractRemoteTestNG.run(AbstractRemoteTestNG.java:132)
	at org.testng.remote.RemoteTestNG.initAndRun(RemoteTestNG.java:230)
	at org.testng.remote.RemoteTestNG.main(RemoteTestNG.java:76)
]]>
            </full-stacktrace>
          </exception> <!-- org.openqa.selenium.TimeoutException -->
          <reporter-output>
          </reporter-output>
        </test-method> <!-- setUp -->
        <test-method status="SKIP" signature="verifyNewUsrerRegistration(java.lang.String, java.lang.String, java.lang.String, java.lang.String, java.lang.String, java.lang.String, java.lang.String, java.lang.String, java.lang.String, java.lang.String, java.lang.String, java.lang.String, java.lang.String, java.lang.String, java.lang.String, java.lang.String, java.lang.String, java.lang.String, java.lang.String, java.lang.String, java.lang.String, java.lang.String, java.lang.String, java.lang.String, java.lang.String)[pri:1, instance:com.automation.testcases.UserRegistrationTestcaseForRegressionE2E@343f4d3d]" name="verifyNewUsrerRegistration" duration-ms="0" started-at="2021-07-09T12:19:26Z" data-provider="readNewUserdata" finished-at="2021-07-09T12:19:26Z">
          <exception class="org.openqa.selenium.TimeoutException">
            <message>
              <![CDATA[timeout: Timed out receiving message from renderer: 29.476
  (Session info: chrome=91.0.4472.124)
Build info: version: '3.6.0', revision: '6fbf3ec767', time: '2017-09-27T15:28:36.4Z'
System info: host: 'LAPTOP-MOTMPJ0P', ip: '192.168.56.1', os.name: 'Windows 10', os.arch: 'amd64', os.version: '10.0', java.version: '1.8.0_201'
Driver info: org.openqa.selenium.chrome.ChromeDriver
Capabilities [{networkConnectionEnabled=false, chrome={chromedriverVersion=91.0.4472.101 (af52a90bf87030dd1523486a1cd3ae25c5d76c9b-refs/branch-heads/4472@{#1462}), userDataDir=C:\Users\prash\AppData\Local\Temp\scoped_dir13648_1035504674}, timeouts={implicit=0, pageLoad=300000, script=30000}, pageLoadStrategy=normal, unhandledPromptBehavior=dismiss and notify, strictFileInteractability=false, platform=WINDOWS, proxy=Proxy(), goog:chromeOptions={debuggerAddress=localhost:65045}, acceptInsecureCerts=false, browserVersion=91.0.4472.124, browserName=chrome, javascriptEnabled=true, platformName=WINDOWS, setWindowRect=true, webauthn:extension:largeBlob=true, webauthn:virtualAuthenticators=true}]
Session ID: 9fe489c63aaaf50a676ea6311e2a4575]]>
            </message>
            <full-stacktrace>
              <![CDATA[org.openqa.selenium.TimeoutException: timeout: Timed out receiving message from renderer: 29.476
  (Session info: chrome=91.0.4472.124)
Build info: version: '3.6.0', revision: '6fbf3ec767', time: '2017-09-27T15:28:36.4Z'
System info: host: 'LAPTOP-MOTMPJ0P', ip: '192.168.56.1', os.name: 'Windows 10', os.arch: 'amd64', os.version: '10.0', java.version: '1.8.0_201'
Driver info: org.openqa.selenium.chrome.ChromeDriver
Capabilities [{networkConnectionEnabled=false, chrome={chromedriverVersion=91.0.4472.101 (af52a90bf87030dd1523486a1cd3ae25c5d76c9b-refs/branch-heads/4472@{#1462}), userDataDir=C:\Users\prash\AppData\Local\Temp\scoped_dir13648_1035504674}, timeouts={implicit=0, pageLoad=300000, script=30000}, pageLoadStrategy=normal, unhandledPromptBehavior=dismiss and notify, strictFileInteractability=false, platform=WINDOWS, proxy=Proxy(), goog:chromeOptions={debuggerAddress=localhost:65045}, acceptInsecureCerts=false, browserVersion=91.0.4472.124, browserName=chrome, javascriptEnabled=true, platformName=WINDOWS, setWindowRect=true, webauthn:extension:largeBlob=true, webauthn:virtualAuthenticators=true}]
Session ID: 9fe489c63aaaf50a676ea6311e2a4575
	at sun.reflect.NativeConstructorAccessorImpl.newInstance0(Native Method)
	at sun.reflect.NativeConstructorAccessorImpl.newInstance(NativeConstructorAccessorImpl.java:62)
	at sun.reflect.DelegatingConstructorAccessorImpl.newInstance(DelegatingConstructorAccessorImpl.java:45)
	at java.lang.reflect.Constructor.newInstance(Constructor.java:423)
	at org.openqa.selenium.remote.http.W3CHttpResponseCodec.createException(W3CHttpResponseCodec.java:185)
	at org.openqa.selenium.remote.http.W3CHttpResponseCodec.decode(W3CHttpResponseCodec.java:120)
	at org.openqa.selenium.remote.http.W3CHttpResponseCodec.decode(W3CHttpResponseCodec.java:49)
	at org.openqa.selenium.remote.HttpCommandExecutor.execute(HttpCommandExecutor.java:164)
	at org.openqa.selenium.remote.service.DriverCommandExecutor.execute(DriverCommandExecutor.java:83)
	at org.openqa.selenium.remote.RemoteWebDriver.execute(RemoteWebDriver.java:586)
	at org.openqa.selenium.remote.RemoteWebDriver.get(RemoteWebDriver.java:310)
	at com.automation.utils.BrowserFactory.startApplication(BrowserFactory.java:36)
	at com.automation.pages.BaseClassForRegression.setUp(BaseClassForRegression.java:50)
	at sun.reflect.NativeMethodAccessorImpl.invoke0(Native Method)
	at sun.reflect.NativeMethodAccessorImpl.invoke(NativeMethodAccessorImpl.java:62)
	at sun.reflect.DelegatingMethodAccessorImpl.invoke(DelegatingMethodAccessorImpl.java:43)
	at java.lang.reflect.Method.invoke(Method.java:498)
	at org.testng.internal.MethodInvocationHelper.invokeMethod(MethodInvocationHelper.java:108)
	at org.testng.internal.Invoker.invokeConfigurationMethod(Invoker.java:523)
	at org.testng.internal.Invoker.invokeConfigurations(Invoker.java:224)
	at org.testng.internal.Invoker.invokeMethod(Invoker.java:599)
	at org.testng.internal.Invoker.invokeTestMethod(Invoker.java:869)
	at org.testng.internal.Invoker.invokeTestMethods(Invoker.java:1193)
	at org.testng.internal.TestMethodWorker.invokeTestMethods(TestMethodWorker.java:126)
	at org.testng.internal.TestMethodWorker.run(TestMethodWorker.java:109)
	at org.testng.TestRunner.privateRun(TestRunner.java:744)
	at org.testng.TestRunner.run(TestRunner.java:602)
	at org.testng.SuiteRunner.runTest(SuiteRunner.java:380)
	at org.testng.SuiteRunner.runSequentially(SuiteRunner.java:375)
	at org.testng.SuiteRunner.privateRun(SuiteRunner.java:340)
	at org.testng.SuiteRunner.run(SuiteRunner.java:289)
	at org.testng.SuiteRunnerWorker.runSuite(SuiteRunnerWorker.java:52)
	at org.testng.SuiteRunnerWorker.run(SuiteRunnerWorker.java:86)
	at org.testng.TestNG.runSuitesSequentially(TestNG.java:1301)
	at org.testng.TestNG.runSuitesLocally(TestNG.java:1226)
	at org.testng.TestNG.runSuites(TestNG.java:1144)
	at org.testng.TestNG.run(TestNG.java:1115)
	at org.testng.remote.AbstractRemoteTestNG.run(AbstractRemoteTestNG.java:132)
	at org.testng.remote.RemoteTestNG.initAndRun(RemoteTestNG.java:230)
	at org.testng.remote.RemoteTestNG.main(RemoteTestNG.java:76)
]]>
            </full-stacktrace>
          </exception> <!-- org.openqa.selenium.TimeoutException -->
          <reporter-output>
          </reporter-output>
        </test-method> <!-- verifyNewUsrerRegistration -->
        <test-method status="SKIP" signature="setUp()[pri:0, instance:com.automation.testcases.UserRegistrationTestcaseForRegressionE2E@343f4d3d]" name="setUp" is-config="true" duration-ms="0" started-at="2021-07-09T12:19:26Z" finished-at="2021-07-09T12:19:26Z">
          <reporter-output>
          </reporter-output>
        </test-method> <!-- setUp -->
        <test-method status="SKIP" signature="verifyNewUsrerRegistration(java.lang.String, java.lang.String, java.lang.String, java.lang.String, java.lang.String, java.lang.String, java.lang.String, java.lang.String, java.lang.String, java.lang.String, java.lang.String, java.lang.String, java.lang.String, java.lang.String, java.lang.String, java.lang.String, java.lang.String, java.lang.String, java.lang.String, java.lang.String, java.lang.String, java.lang.String, java.lang.String, java.lang.String, java.lang.String)[pri:1, instance:com.automation.testcases.UserRegistrationTestcaseForRegressionE2E@343f4d3d]" name="verifyNewUsrerRegistration" duration-ms="0" started-at="2021-07-09T12:19:26Z" data-provider="readNewUserdata" finished-at="2021-07-09T12:19:26Z">
          <exception class="org.openqa.selenium.TimeoutException">
            <message>
              <![CDATA[timeout: Timed out receiving message from renderer: 29.476
  (Session info: chrome=91.0.4472.124)
Build info: version: '3.6.0', revision: '6fbf3ec767', time: '2017-09-27T15:28:36.4Z'
System info: host: 'LAPTOP-MOTMPJ0P', ip: '192.168.56.1', os.name: 'Windows 10', os.arch: 'amd64', os.version: '10.0', java.version: '1.8.0_201'
Driver info: org.openqa.selenium.chrome.ChromeDriver
Capabilities [{networkConnectionEnabled=false, chrome={chromedriverVersion=91.0.4472.101 (af52a90bf87030dd1523486a1cd3ae25c5d76c9b-refs/branch-heads/4472@{#1462}), userDataDir=C:\Users\prash\AppData\Local\Temp\scoped_dir13648_1035504674}, timeouts={implicit=0, pageLoad=300000, script=30000}, pageLoadStrategy=normal, unhandledPromptBehavior=dismiss and notify, strictFileInteractability=false, platform=WINDOWS, proxy=Proxy(), goog:chromeOptions={debuggerAddress=localhost:65045}, acceptInsecureCerts=false, browserVersion=91.0.4472.124, browserName=chrome, javascriptEnabled=true, platformName=WINDOWS, setWindowRect=true, webauthn:extension:largeBlob=true, webauthn:virtualAuthenticators=true}]
Session ID: 9fe489c63aaaf50a676ea6311e2a4575]]>
            </message>
            <full-stacktrace>
              <![CDATA[org.openqa.selenium.TimeoutException: timeout: Timed out receiving message from renderer: 29.476
  (Session info: chrome=91.0.4472.124)
Build info: version: '3.6.0', revision: '6fbf3ec767', time: '2017-09-27T15:28:36.4Z'
System info: host: 'LAPTOP-MOTMPJ0P', ip: '192.168.56.1', os.name: 'Windows 10', os.arch: 'amd64', os.version: '10.0', java.version: '1.8.0_201'
Driver info: org.openqa.selenium.chrome.ChromeDriver
Capabilities [{networkConnectionEnabled=false, chrome={chromedriverVersion=91.0.4472.101 (af52a90bf87030dd1523486a1cd3ae25c5d76c9b-refs/branch-heads/4472@{#1462}), userDataDir=C:\Users\prash\AppData\Local\Temp\scoped_dir13648_1035504674}, timeouts={implicit=0, pageLoad=300000, script=30000}, pageLoadStrategy=normal, unhandledPromptBehavior=dismiss and notify, strictFileInteractability=false, platform=WINDOWS, proxy=Proxy(), goog:chromeOptions={debuggerAddress=localhost:65045}, acceptInsecureCerts=false, browserVersion=91.0.4472.124, browserName=chrome, javascriptEnabled=true, platformName=WINDOWS, setWindowRect=true, webauthn:extension:largeBlob=true, webauthn:virtualAuthenticators=true}]
Session ID: 9fe489c63aaaf50a676ea6311e2a4575
	at sun.reflect.NativeConstructorAccessorImpl.newInstance0(Native Method)
	at sun.reflect.NativeConstructorAccessorImpl.newInstance(NativeConstructorAccessorImpl.java:62)
	at sun.reflect.DelegatingConstructorAccessorImpl.newInstance(DelegatingConstructorAccessorImpl.java:45)
	at java.lang.reflect.Constructor.newInstance(Constructor.java:423)
	at org.openqa.selenium.remote.http.W3CHttpResponseCodec.createException(W3CHttpResponseCodec.java:185)
	at org.openqa.selenium.remote.http.W3CHttpResponseCodec.decode(W3CHttpResponseCodec.java:120)
	at org.openqa.selenium.remote.http.W3CHttpResponseCodec.decode(W3CHttpResponseCodec.java:49)
	at org.openqa.selenium.remote.HttpCommandExecutor.execute(HttpCommandExecutor.java:164)
	at org.openqa.selenium.remote.service.DriverCommandExecutor.execute(DriverCommandExecutor.java:83)
	at org.openqa.selenium.remote.RemoteWebDriver.execute(RemoteWebDriver.java:586)
	at org.openqa.selenium.remote.RemoteWebDriver.get(RemoteWebDriver.java:310)
	at com.automation.utils.BrowserFactory.startApplication(BrowserFactory.java:36)
	at com.automation.pages.BaseClassForRegression.setUp(BaseClassForRegression.java:50)
	at sun.reflect.NativeMethodAccessorImpl.invoke0(Native Method)
	at sun.reflect.NativeMethodAccessorImpl.invoke(NativeMethodAccessorImpl.java:62)
	at sun.reflect.DelegatingMethodAccessorImpl.invoke(DelegatingMethodAccessorImpl.java:43)
	at java.lang.reflect.Method.invoke(Method.java:498)
	at org.testng.internal.MethodInvocationHelper.invokeMethod(MethodInvocationHelper.java:108)
	at org.testng.internal.Invoker.invokeConfigurationMethod(Invoker.java:523)
	at org.testng.internal.Invoker.invokeConfigurations(Invoker.java:224)
	at org.testng.internal.Invoker.invokeMethod(Invoker.java:599)
	at org.testng.internal.Invoker.invokeTestMethod(Invoker.java:869)
	at org.testng.internal.Invoker.invokeTestMethods(Invoker.java:1193)
	at org.testng.internal.TestMethodWorker.invokeTestMethods(TestMethodWorker.java:126)
	at org.testng.internal.TestMethodWorker.run(TestMethodWorker.java:109)
	at org.testng.TestRunner.privateRun(TestRunner.java:744)
	at org.testng.TestRunner.run(TestRunner.java:602)
	at org.testng.SuiteRunner.runTest(SuiteRunner.java:380)
	at org.testng.SuiteRunner.runSequentially(SuiteRunner.java:375)
	at org.testng.SuiteRunner.privateRun(SuiteRunner.java:340)
	at org.testng.SuiteRunner.run(SuiteRunner.java:289)
	at org.testng.SuiteRunnerWorker.runSuite(SuiteRunnerWorker.java:52)
	at org.testng.SuiteRunnerWorker.run(SuiteRunnerWorker.java:86)
	at org.testng.TestNG.runSuitesSequentially(TestNG.java:1301)
	at org.testng.TestNG.runSuitesLocally(TestNG.java:1226)
	at org.testng.TestNG.runSuites(TestNG.java:1144)
	at org.testng.TestNG.run(TestNG.java:1115)
	at org.testng.remote.AbstractRemoteTestNG.run(AbstractRemoteTestNG.java:132)
	at org.testng.remote.RemoteTestNG.initAndRun(RemoteTestNG.java:230)
	at org.testng.remote.RemoteTestNG.main(RemoteTestNG.java:76)
]]>
            </full-stacktrace>
          </exception> <!-- org.openqa.selenium.TimeoutException -->
          <reporter-output>
          </reporter-output>
        </test-method> <!-- verifyNewUsrerRegistration -->
        <test-method status="SKIP" signature="setUp()[pri:0, instance:com.automation.testcases.UserRegistrationTestcaseForRegressionE2E@343f4d3d]" name="setUp" is-config="true" duration-ms="0" started-at="2021-07-09T12:19:26Z" finished-at="2021-07-09T12:19:26Z">
          <reporter-output>
          </reporter-output>
        </test-method> <!-- setUp -->
        <test-method status="SKIP" signature="verifyNewUsrerRegistration(java.lang.String, java.lang.String, java.lang.String, java.lang.String, java.lang.String, java.lang.String, java.lang.String, java.lang.String, java.lang.String, java.lang.String, java.lang.String, java.lang.String, java.lang.String, java.lang.String, java.lang.String, java.lang.String, java.lang.String, java.lang.String, java.lang.String, java.lang.String, java.lang.String, java.lang.String, java.lang.String, java.lang.String, java.lang.String)[pri:1, instance:com.automation.testcases.UserRegistrationTestcaseForRegressionE2E@343f4d3d]" name="verifyNewUsrerRegistration" duration-ms="0" started-at="2021-07-09T12:19:26Z" data-provider="readNewUserdata" finished-at="2021-07-09T12:19:26Z">
          <exception class="org.openqa.selenium.TimeoutException">
            <message>
              <![CDATA[timeout: Timed out receiving message from renderer: 29.476
  (Session info: chrome=91.0.4472.124)
Build info: version: '3.6.0', revision: '6fbf3ec767', time: '2017-09-27T15:28:36.4Z'
System info: host: 'LAPTOP-MOTMPJ0P', ip: '192.168.56.1', os.name: 'Windows 10', os.arch: 'amd64', os.version: '10.0', java.version: '1.8.0_201'
Driver info: org.openqa.selenium.chrome.ChromeDriver
Capabilities [{networkConnectionEnabled=false, chrome={chromedriverVersion=91.0.4472.101 (af52a90bf87030dd1523486a1cd3ae25c5d76c9b-refs/branch-heads/4472@{#1462}), userDataDir=C:\Users\prash\AppData\Local\Temp\scoped_dir13648_1035504674}, timeouts={implicit=0, pageLoad=300000, script=30000}, pageLoadStrategy=normal, unhandledPromptBehavior=dismiss and notify, strictFileInteractability=false, platform=WINDOWS, proxy=Proxy(), goog:chromeOptions={debuggerAddress=localhost:65045}, acceptInsecureCerts=false, browserVersion=91.0.4472.124, browserName=chrome, javascriptEnabled=true, platformName=WINDOWS, setWindowRect=true, webauthn:extension:largeBlob=true, webauthn:virtualAuthenticators=true}]
Session ID: 9fe489c63aaaf50a676ea6311e2a4575]]>
            </message>
            <full-stacktrace>
              <![CDATA[org.openqa.selenium.TimeoutException: timeout: Timed out receiving message from renderer: 29.476
  (Session info: chrome=91.0.4472.124)
Build info: version: '3.6.0', revision: '6fbf3ec767', time: '2017-09-27T15:28:36.4Z'
System info: host: 'LAPTOP-MOTMPJ0P', ip: '192.168.56.1', os.name: 'Windows 10', os.arch: 'amd64', os.version: '10.0', java.version: '1.8.0_201'
Driver info: org.openqa.selenium.chrome.ChromeDriver
Capabilities [{networkConnectionEnabled=false, chrome={chromedriverVersion=91.0.4472.101 (af52a90bf87030dd1523486a1cd3ae25c5d76c9b-refs/branch-heads/4472@{#1462}), userDataDir=C:\Users\prash\AppData\Local\Temp\scoped_dir13648_1035504674}, timeouts={implicit=0, pageLoad=300000, script=30000}, pageLoadStrategy=normal, unhandledPromptBehavior=dismiss and notify, strictFileInteractability=false, platform=WINDOWS, proxy=Proxy(), goog:chromeOptions={debuggerAddress=localhost:65045}, acceptInsecureCerts=false, browserVersion=91.0.4472.124, browserName=chrome, javascriptEnabled=true, platformName=WINDOWS, setWindowRect=true, webauthn:extension:largeBlob=true, webauthn:virtualAuthenticators=true}]
Session ID: 9fe489c63aaaf50a676ea6311e2a4575
	at sun.reflect.NativeConstructorAccessorImpl.newInstance0(Native Method)
	at sun.reflect.NativeConstructorAccessorImpl.newInstance(NativeConstructorAccessorImpl.java:62)
	at sun.reflect.DelegatingConstructorAccessorImpl.newInstance(DelegatingConstructorAccessorImpl.java:45)
	at java.lang.reflect.Constructor.newInstance(Constructor.java:423)
	at org.openqa.selenium.remote.http.W3CHttpResponseCodec.createException(W3CHttpResponseCodec.java:185)
	at org.openqa.selenium.remote.http.W3CHttpResponseCodec.decode(W3CHttpResponseCodec.java:120)
	at org.openqa.selenium.remote.http.W3CHttpResponseCodec.decode(W3CHttpResponseCodec.java:49)
	at org.openqa.selenium.remote.HttpCommandExecutor.execute(HttpCommandExecutor.java:164)
	at org.openqa.selenium.remote.service.DriverCommandExecutor.execute(DriverCommandExecutor.java:83)
	at org.openqa.selenium.remote.RemoteWebDriver.execute(RemoteWebDriver.java:586)
	at org.openqa.selenium.remote.RemoteWebDriver.get(RemoteWebDriver.java:310)
	at com.automation.utils.BrowserFactory.startApplication(BrowserFactory.java:36)
	at com.automation.pages.BaseClassForRegression.setUp(BaseClassForRegression.java:50)
	at sun.reflect.NativeMethodAccessorImpl.invoke0(Native Method)
	at sun.reflect.NativeMethodAccessorImpl.invoke(NativeMethodAccessorImpl.java:62)
	at sun.reflect.DelegatingMethodAccessorImpl.invoke(DelegatingMethodAccessorImpl.java:43)
	at java.lang.reflect.Method.invoke(Method.java:498)
	at org.testng.internal.MethodInvocationHelper.invokeMethod(MethodInvocationHelper.java:108)
	at org.testng.internal.Invoker.invokeConfigurationMethod(Invoker.java:523)
	at org.testng.internal.Invoker.invokeConfigurations(Invoker.java:224)
	at org.testng.internal.Invoker.invokeMethod(Invoker.java:599)
	at org.testng.internal.Invoker.invokeTestMethod(Invoker.java:869)
	at org.testng.internal.Invoker.invokeTestMethods(Invoker.java:1193)
	at org.testng.internal.TestMethodWorker.invokeTestMethods(TestMethodWorker.java:126)
	at org.testng.internal.TestMethodWorker.run(TestMethodWorker.java:109)
	at org.testng.TestRunner.privateRun(TestRunner.java:744)
	at org.testng.TestRunner.run(TestRunner.java:602)
	at org.testng.SuiteRunner.runTest(SuiteRunner.java:380)
	at org.testng.SuiteRunner.runSequentially(SuiteRunner.java:375)
	at org.testng.SuiteRunner.privateRun(SuiteRunner.java:340)
	at org.testng.SuiteRunner.run(SuiteRunner.java:289)
	at org.testng.SuiteRunnerWorker.runSuite(SuiteRunnerWorker.java:52)
	at org.testng.SuiteRunnerWorker.run(SuiteRunnerWorker.java:86)
	at org.testng.TestNG.runSuitesSequentially(TestNG.java:1301)
	at org.testng.TestNG.runSuitesLocally(TestNG.java:1226)
	at org.testng.TestNG.runSuites(TestNG.java:1144)
	at org.testng.TestNG.run(TestNG.java:1115)
	at org.testng.remote.AbstractRemoteTestNG.run(AbstractRemoteTestNG.java:132)
	at org.testng.remote.RemoteTestNG.initAndRun(RemoteTestNG.java:230)
	at org.testng.remote.RemoteTestNG.main(RemoteTestNG.java:76)
]]>
            </full-stacktrace>
          </exception> <!-- org.openqa.selenium.TimeoutException -->
          <reporter-output>
          </reporter-output>
        </test-method> <!-- verifyNewUsrerRegistration -->
        <test-method status="SKIP" signature="verifyNewUsrerRegistration(java.lang.String, java.lang.String, java.lang.String, java.lang.String, java.lang.String, java.lang.String, java.lang.String, java.lang.String, java.lang.String, java.lang.String, java.lang.String, java.lang.String, java.lang.String, java.lang.String, java.lang.String, java.lang.String, java.lang.String, java.lang.String, java.lang.String, java.lang.String, java.lang.String, java.lang.String, java.lang.String, java.lang.String, java.lang.String)[pri:1, instance:com.automation.testcases.UserRegistrationTestcaseForRegressionE2E@343f4d3d]" name="verifyNewUsrerRegistration" duration-ms="0" started-at="2021-07-09T12:19:26Z" data-provider="readNewUserdata" finished-at="2021-07-09T12:19:26Z">
          <exception class="org.openqa.selenium.TimeoutException">
            <message>
              <![CDATA[timeout: Timed out receiving message from renderer: 29.476
  (Session info: chrome=91.0.4472.124)
Build info: version: '3.6.0', revision: '6fbf3ec767', time: '2017-09-27T15:28:36.4Z'
System info: host: 'LAPTOP-MOTMPJ0P', ip: '192.168.56.1', os.name: 'Windows 10', os.arch: 'amd64', os.version: '10.0', java.version: '1.8.0_201'
Driver info: org.openqa.selenium.chrome.ChromeDriver
Capabilities [{networkConnectionEnabled=false, chrome={chromedriverVersion=91.0.4472.101 (af52a90bf87030dd1523486a1cd3ae25c5d76c9b-refs/branch-heads/4472@{#1462}), userDataDir=C:\Users\prash\AppData\Local\Temp\scoped_dir13648_1035504674}, timeouts={implicit=0, pageLoad=300000, script=30000}, pageLoadStrategy=normal, unhandledPromptBehavior=dismiss and notify, strictFileInteractability=false, platform=WINDOWS, proxy=Proxy(), goog:chromeOptions={debuggerAddress=localhost:65045}, acceptInsecureCerts=false, browserVersion=91.0.4472.124, browserName=chrome, javascriptEnabled=true, platformName=WINDOWS, setWindowRect=true, webauthn:extension:largeBlob=true, webauthn:virtualAuthenticators=true}]
Session ID: 9fe489c63aaaf50a676ea6311e2a4575]]>
            </message>
            <full-stacktrace>
              <![CDATA[org.openqa.selenium.TimeoutException: timeout: Timed out receiving message from renderer: 29.476
  (Session info: chrome=91.0.4472.124)
Build info: version: '3.6.0', revision: '6fbf3ec767', time: '2017-09-27T15:28:36.4Z'
System info: host: 'LAPTOP-MOTMPJ0P', ip: '192.168.56.1', os.name: 'Windows 10', os.arch: 'amd64', os.version: '10.0', java.version: '1.8.0_201'
Driver info: org.openqa.selenium.chrome.ChromeDriver
Capabilities [{networkConnectionEnabled=false, chrome={chromedriverVersion=91.0.4472.101 (af52a90bf87030dd1523486a1cd3ae25c5d76c9b-refs/branch-heads/4472@{#1462}), userDataDir=C:\Users\prash\AppData\Local\Temp\scoped_dir13648_1035504674}, timeouts={implicit=0, pageLoad=300000, script=30000}, pageLoadStrategy=normal, unhandledPromptBehavior=dismiss and notify, strictFileInteractability=false, platform=WINDOWS, proxy=Proxy(), goog:chromeOptions={debuggerAddress=localhost:65045}, acceptInsecureCerts=false, browserVersion=91.0.4472.124, browserName=chrome, javascriptEnabled=true, platformName=WINDOWS, setWindowRect=true, webauthn:extension:largeBlob=true, webauthn:virtualAuthenticators=true}]
Session ID: 9fe489c63aaaf50a676ea6311e2a4575
	at sun.reflect.NativeConstructorAccessorImpl.newInstance0(Native Method)
	at sun.reflect.NativeConstructorAccessorImpl.newInstance(NativeConstructorAccessorImpl.java:62)
	at sun.reflect.DelegatingConstructorAccessorImpl.newInstance(DelegatingConstructorAccessorImpl.java:45)
	at java.lang.reflect.Constructor.newInstance(Constructor.java:423)
	at org.openqa.selenium.remote.http.W3CHttpResponseCodec.createException(W3CHttpResponseCodec.java:185)
	at org.openqa.selenium.remote.http.W3CHttpResponseCodec.decode(W3CHttpResponseCodec.java:120)
	at org.openqa.selenium.remote.http.W3CHttpResponseCodec.decode(W3CHttpResponseCodec.java:49)
	at org.openqa.selenium.remote.HttpCommandExecutor.execute(HttpCommandExecutor.java:164)
	at org.openqa.selenium.remote.service.DriverCommandExecutor.execute(DriverCommandExecutor.java:83)
	at org.openqa.selenium.remote.RemoteWebDriver.execute(RemoteWebDriver.java:586)
	at org.openqa.selenium.remote.RemoteWebDriver.get(RemoteWebDriver.java:310)
	at com.automation.utils.BrowserFactory.startApplication(BrowserFactory.java:36)
	at com.automation.pages.BaseClassForRegression.setUp(BaseClassForRegression.java:50)
	at sun.reflect.NativeMethodAccessorImpl.invoke0(Native Method)
	at sun.reflect.NativeMethodAccessorImpl.invoke(NativeMethodAccessorImpl.java:62)
	at sun.reflect.DelegatingMethodAccessorImpl.invoke(DelegatingMethodAccessorImpl.java:43)
	at java.lang.reflect.Method.invoke(Method.java:498)
	at org.testng.internal.MethodInvocationHelper.invokeMethod(MethodInvocationHelper.java:108)
	at org.testng.internal.Invoker.invokeConfigurationMethod(Invoker.java:523)
	at org.testng.internal.Invoker.invokeConfigurations(Invoker.java:224)
	at org.testng.internal.Invoker.invokeMethod(Invoker.java:599)
	at org.testng.internal.Invoker.invokeTestMethod(Invoker.java:869)
	at org.testng.internal.Invoker.invokeTestMethods(Invoker.java:1193)
	at org.testng.internal.TestMethodWorker.invokeTestMethods(TestMethodWorker.java:126)
	at org.testng.internal.TestMethodWorker.run(TestMethodWorker.java:109)
	at org.testng.TestRunner.privateRun(TestRunner.java:744)
	at org.testng.TestRunner.run(TestRunner.java:602)
	at org.testng.SuiteRunner.runTest(SuiteRunner.java:380)
	at org.testng.SuiteRunner.runSequentially(SuiteRunner.java:375)
	at org.testng.SuiteRunner.privateRun(SuiteRunner.java:340)
	at org.testng.SuiteRunner.run(SuiteRunner.java:289)
	at org.testng.SuiteRunnerWorker.runSuite(SuiteRunnerWorker.java:52)
	at org.testng.SuiteRunnerWorker.run(SuiteRunnerWorker.java:86)
	at org.testng.TestNG.runSuitesSequentially(TestNG.java:1301)
	at org.testng.TestNG.runSuitesLocally(TestNG.java:1226)
	at org.testng.TestNG.runSuites(TestNG.java:1144)
	at org.testng.TestNG.run(TestNG.java:1115)
	at org.testng.remote.AbstractRemoteTestNG.run(AbstractRemoteTestNG.java:132)
	at org.testng.remote.RemoteTestNG.initAndRun(RemoteTestNG.java:230)
	at org.testng.remote.RemoteTestNG.main(RemoteTestNG.java:76)
]]>
            </full-stacktrace>
          </exception> <!-- org.openqa.selenium.TimeoutException -->
          <reporter-output>
          </reporter-output>
        </test-method> <!-- verifyNewUsrerRegistration -->
        <test-method status="SKIP" signature="setUp()[pri:0, instance:com.automation.testcases.UserRegistrationTestcaseForRegressionE2E@343f4d3d]" name="setUp" is-config="true" duration-ms="0" started-at="2021-07-09T12:19:26Z" finished-at="2021-07-09T12:19:26Z">
          <reporter-output>
          </reporter-output>
        </test-method> <!-- setUp -->
      </class> <!-- com.automation.testcases.UserRegistrationTestcaseForRegressionE2E -->
    </test> <!-- Default test -->
  </suite> <!-- Default suite -->
</testng-results>
